<?xml version="1.0" encoding="UTF-8"?>
<!-- Generated by org.testng.reporters.JUnitReportReporter -->
<testsuite hostname="A23906" name="automationFramework.AddAbsences" tests="1" failures="0" timestamp="14 Feb 2016 20:47:12 GMT" time="93.418" errors="0">
  <testcase name="addAbsences" time="93.418" classname="automationFramework.AddAbsences"/>
</testsuite> <!-- automationFramework.AddAbsences -->
