<?xml version="1.0" encoding="UTF-8"?>
<!-- Generated by org.testng.reporters.JUnitReportReporter -->
<testsuite hostname="a25595" name="automationFramework.OpenRikuzOnline" tests="1" failures="0" timestamp="7 Feb 2017 10:10:00 GMT" time="30.306" errors="0">
  <testcase name="openRikuzOnline" time="30.306" classname="automationFramework.OpenRikuzOnline"/>
</testsuite> <!-- automationFramework.OpenRikuzOnline -->
