<?xml version="1.0" encoding="UTF-8"?>
<!-- Generated by org.testng.reporters.JUnitReportReporter -->
<testsuite hostname="a25595" name="automationFramework.UpdateCarNo" tests="3" failures="0" timestamp="24 Sep 2017 19:48:59 GMT" time="96.413" errors="0">
  <testcase name="updateCarNo" time="33.293" classname="automationFramework.UpdateCarNo"/>
  <testcase name="updateCarNo" time="30.654" classname="automationFramework.UpdateCarNo"/>
  <testcase name="updateCarNo" time="32.466" classname="automationFramework.UpdateCarNo"/>
</testsuite> <!-- automationFramework.UpdateCarNo -->
