<?xml version="1.0" encoding="UTF-8"?>
<!-- Generated by org.testng.reporters.JUnitReportReporter -->
<testsuite hostname="a25595" name="automationFramework.EmptyActivityBetween" tests="1" failures="0" timestamp="24 Sep 2017 19:48:59 GMT" time="39.641" errors="0">
  <testcase name="chkEmptyActivityBetween" time="39.641" classname="automationFramework.EmptyActivityBetween"/>
</testsuite> <!-- automationFramework.EmptyActivityBetween -->
