<?xml version="1.0" encoding="UTF-8"?>
<!-- Generated by org.testng.reporters.JUnitReportReporter -->
<testsuite hostname="a25595" name="automationFramework.UpdateDayWorkCard" tests="2" failures="0" timestamp="24 Sep 2017 19:48:59 GMT" time="68.126" errors="0">
  <testcase name="updateDayWorkCard" time="35.200" classname="automationFramework.UpdateDayWorkCard"/>
  <testcase name="updateDayWorkCard" time="32.926" classname="automationFramework.UpdateDayWorkCard"/>
</testsuite> <!-- automationFramework.UpdateDayWorkCard -->
