<?xml version="1.0" encoding="UTF-8"?>
<!-- Generated by org.testng.reporters.JUnitReportReporter -->
<testsuite hostname="a25595" name="automationFramework.MenahelBameshek" tests="1" failures="0" timestamp="24 Sep 2017 19:48:59 GMT" time="67.112" errors="0">
  <testcase name="chkMenahelBameshek" time="67.112" classname="automationFramework.MenahelBameshek"/>
</testsuite> <!-- automationFramework.MenahelBameshek -->
