<?xml version="1.0" encoding="UTF-8"?>
<!-- Generated by org.testng.reporters.JUnitReportReporter -->
<testsuite hostname="A23906" name="automationFramework.NewTest" tests="1" failures="0" timestamp="30 Aug 2016 12:33:46 GMT" time="5.659" errors="0">
  <testcase name="f" time="5.659" classname="automationFramework.NewTest"/>
</testsuite> <!-- automationFramework.NewTest -->
