<?xml version="1.0" encoding="UTF-8"?>
<!-- Generated by org.testng.reporters.JUnitReportReporter -->
<testsuite hostname="a25595" name="automationFramework.EggedWebSite" tests="1" failures="0" timestamp="4 Jun 2017 13:58:19 GMT" time="10.912" errors="0">
  <testcase name="f" time="10.912" classname="automationFramework.EggedWebSite"/>
</testsuite> <!-- automationFramework.EggedWebSite -->
