<?xml version="1.0" encoding="UTF-8"?>
<!-- Generated by org.testng.reporters.JUnitReportReporter -->
<testsuite hostname="a25595" name="automationFramework.AddSpecialSchedule" tests="1" failures="0" timestamp="24 Sep 2017 19:48:59 GMT" time="46.025" errors="0">
  <testcase name="addSpecialSchedule" time="46.025" classname="automationFramework.AddSpecialSchedule"/>
</testsuite> <!-- automationFramework.AddSpecialSchedule -->
